2021-05-19 10:34:21 [10.0.2.2][-][-][warning][yii\debug\Module::checkAccess] Access to debugger is denied due to IP address restriction. The requesting IP address is 10.0.2.2
    in /vagrant/www/feehi/frontend/views/layouts/main.php:155
    in /vagrant/www/feehi/frontend/controllers/ArticleController.php:108
2021-05-19 10:34:21 [10.0.2.2][-][-][warning][yii\debug\Module::checkAccess] Access to debugger is denied due to IP address restriction. The requesting IP address is 10.0.2.2
2021-05-19 10:34:20 [10.0.2.2][-][-][info][application] $_GET = []

$_POST = []

$_FILES = []

$_COOKIE = [
    'PHPSESSID' => 'esmo5ridtfhgidis8t1o694rf9'
    '_csrf' => 'da4d92628e85bf96cf312b7d17125d15a728ee67013bc9fd2b5df4c6ed9fc56ba:2:{i:0;s:5:\"_csrf\";i:1;s:32:\"LkloJW5FSKh2aqX_NHU_zasX6cYU67ug\";}'
    'BACKEND_FEEHICMS' => 'h03lhq0vlgncfp6r68amcd48sh'
    '_csrf_backend' => '237bcda8726fc97063405e7d35870329ed8c06429e8a394cc5ba673c9cbd1dd0a:2:{i:0;s:13:\"_csrf_backend\";i:1;s:32:\"ReDNzvBwP0bfVtWlGcogcUWSI42R6Hya\";}'
    'Hm_lvt_5c8dd664b2122c4e33710bc08309c5e9' => '1621322952'
    'Hm_lpvt_5c8dd664b2122c4e33710bc08309c5e9' => '1621322963'
]

$_SESSION = [
    '__flash' => []
]

$_SERVER = [
    'USER' => 'apache'
    'HOME' => '/usr/share/httpd'
    'HTTP_COOKIE' => 'PHPSESSID=esmo5ridtfhgidis8t1o694rf9; _csrf=da4d92628e85bf96cf312b7d17125d15a728ee67013bc9fd2b5df4c6ed9fc56ba%3A2%3A%7Bi%3A0%3Bs%3A5%3A%22_csrf%22%3Bi%3A1%3Bs%3A32%3A%22LkloJW5FSKh2aqX_NHU_zasX6cYU67ug%22%3B%7D; BACKEND_FEEHICMS=h03lhq0vlgncfp6r68amcd48sh; _csrf_backend=237bcda8726fc97063405e7d35870329ed8c06429e8a394cc5ba673c9cbd1dd0a%3A2%3A%7Bi%3A0%3Bs%3A13%3A%22_csrf_backend%22%3Bi%3A1%3Bs%3A32%3A%22ReDNzvBwP0bfVtWlGcogcUWSI42R6Hya%22%3B%7D; Hm_lvt_5c8dd664b2122c4e33710bc08309c5e9=1621322952; Hm_lpvt_5c8dd664b2122c4e33710bc08309c5e9=1621322963'
    'HTTP_ACCEPT_LANGUAGE' => 'zh-CN,zh;q=0.9'
    'HTTP_ACCEPT_ENCODING' => 'gzip, deflate'
    'HTTP_REFERER' => 'http://local.feehi.com:8080/admin/'
    'HTTP_ACCEPT' => 'text/html,application/xhtml+xml,application/xml;q=0.9,image/avif,image/webp,image/apng,*/*;q=0.8,application/signed-exchange;v=b3;q=0.9'
    'HTTP_USER_AGENT' => 'Mozilla/5.0 (Windows NT 10.0; Win64; x64) AppleWebKit/537.36 (KHTML, like Gecko) Chrome/90.0.4430.212 Safari/537.36'
    'HTTP_UPGRADE_INSECURE_REQUESTS' => '1'
    'HTTP_CONNECTION' => 'keep-alive'
    'HTTP_HOST' => 'local.feehi.com:8080'
    'SCRIPT_FILENAME' => '/vagrant/www/feehi/frontend/web/index.php'
    'REDIRECT_STATUS' => '200'
    'SERVER_NAME' => 'local.feehi.com'
    'SERVER_PORT' => '80'
    'SERVER_ADDR' => '10.0.2.15'
    'REMOTE_PORT' => '51389'
    'REMOTE_ADDR' => '10.0.2.2'
    'SERVER_SOFTWARE' => 'nginx/1.20.0'
    'GATEWAY_INTERFACE' => 'CGI/1.1'
    'REQUEST_SCHEME' => 'http'
    'SERVER_PROTOCOL' => 'HTTP/1.1'
    'DOCUMENT_ROOT' => '/vagrant/www/feehi/frontend/web'
    'DOCUMENT_URI' => '/index.php'
    'REQUEST_URI' => '/'
    'SCRIPT_NAME' => '/index.php'
    'CONTENT_LENGTH' => ''
    'CONTENT_TYPE' => ''
    'REQUEST_METHOD' => 'GET'
    'QUERY_STRING' => ''
    'FCGI_ROLE' => 'RESPONDER'
    'PHP_SELF' => '/index.php'
    'REQUEST_TIME_FLOAT' => 1621391660.5567
    'REQUEST_TIME' => 1621391660
]
2021-05-19 10:34:21 [10.0.2.2][-][esmo5ridtfhgidis8t1o694rf9][error][yii\web\HttpException:404] yii\web\NotFoundHttpException: 未找到分类uploads/setting/ad/5a291f9236479_22.jpg in /vagrant/www/feehi/frontend/controllers/ArticleController.php:78
Stack trace:
#0 [internal function]: frontend\controllers\ArticleController->actionIndex('uploads/setting...')
#1 /vagrant/www/feehi/vendor/yiisoft/yii2/base/InlineAction.php(57): call_user_func_array(Array, Array)
#2 /vagrant/www/feehi/vendor/yiisoft/yii2/base/Controller.php(157): yii\base\InlineAction->runWithParams(Array)
#3 /vagrant/www/feehi/vendor/yiisoft/yii2/base/Module.php(528): yii\base\Controller->runAction('index', Array)
#4 /vagrant/www/feehi/vendor/yiisoft/yii2/web/Application.php(103): yii\base\Module->runAction('', Array)
#5 /vagrant/www/feehi/vendor/yiisoft/yii2/base/Application.php(386): yii\web\Application->handleRequest(Object(yii\web\Request))
#6 /vagrant/www/feehi/frontend/web/index.php(17): yii\base\Application->run()
#7 {main}
2021-05-19 10:34:21 [10.0.2.2][-][esmo5ridtfhgidis8t1o694rf9][warning][yii\debug\Module::checkAccess] Access to debugger is denied due to IP address restriction. The requesting IP address is 10.0.2.2
    in /vagrant/www/feehi/frontend/views/layouts/main.php:155
    in /vagrant/www/feehi/frontend/controllers/SiteController.php:243
2021-05-19 10:34:21 [10.0.2.2][-][esmo5ridtfhgidis8t1o694rf9][warning][yii\debug\Module::checkAccess] Access to debugger is denied due to IP address restriction. The requesting IP address is 10.0.2.2
2021-05-19 10:34:21 [10.0.2.2][-][esmo5ridtfhgidis8t1o694rf9][info][application] $_GET = []

$_POST = []

$_FILES = []

$_COOKIE = [
    'PHPSESSID' => 'esmo5ridtfhgidis8t1o694rf9'
    '_csrf' => 'da4d92628e85bf96cf312b7d17125d15a728ee67013bc9fd2b5df4c6ed9fc56ba:2:{i:0;s:5:\"_csrf\";i:1;s:32:\"LkloJW5FSKh2aqX_NHU_zasX6cYU67ug\";}'
    'BACKEND_FEEHICMS' => 'h03lhq0vlgncfp6r68amcd48sh'
    '_csrf_backend' => '237bcda8726fc97063405e7d35870329ed8c06429e8a394cc5ba673c9cbd1dd0a:2:{i:0;s:13:\"_csrf_backend\";i:1;s:32:\"ReDNzvBwP0bfVtWlGcogcUWSI42R6Hya\";}'
    'Hm_lvt_5c8dd664b2122c4e33710bc08309c5e9' => '1621322952'
    'Hm_lpvt_5c8dd664b2122c4e33710bc08309c5e9' => '1621322963'
]

$_SESSION = [
    '__flash' => []
]

$_SERVER = [
    'USER' => 'apache'
    'HOME' => '/usr/share/httpd'
    'HTTP_COOKIE' => 'PHPSESSID=esmo5ridtfhgidis8t1o694rf9; _csrf=da4d92628e85bf96cf312b7d17125d15a728ee67013bc9fd2b5df4c6ed9fc56ba%3A2%3A%7Bi%3A0%3Bs%3A5%3A%22_csrf%22%3Bi%3A1%3Bs%3A32%3A%22LkloJW5FSKh2aqX_NHU_zasX6cYU67ug%22%3B%7D; BACKEND_FEEHICMS=h03lhq0vlgncfp6r68amcd48sh; _csrf_backend=237bcda8726fc97063405e7d35870329ed8c06429e8a394cc5ba673c9cbd1dd0a%3A2%3A%7Bi%3A0%3Bs%3A13%3A%22_csrf_backend%22%3Bi%3A1%3Bs%3A32%3A%22ReDNzvBwP0bfVtWlGcogcUWSI42R6Hya%22%3B%7D; Hm_lvt_5c8dd664b2122c4e33710bc08309c5e9=1621322952; Hm_lpvt_5c8dd664b2122c4e33710bc08309c5e9=1621322963'
    'HTTP_ACCEPT_LANGUAGE' => 'zh-CN,zh;q=0.9'
    'HTTP_ACCEPT_ENCODING' => 'gzip, deflate'
    'HTTP_REFERER' => 'http://local.feehi.com:8080/'
    'HTTP_ACCEPT' => 'image/avif,image/webp,image/apng,image/svg+xml,image/*,*/*;q=0.8'
    'HTTP_USER_AGENT' => 'Mozilla/5.0 (Windows NT 10.0; Win64; x64) AppleWebKit/537.36 (KHTML, like Gecko) Chrome/90.0.4430.212 Safari/537.36'
    'HTTP_CONNECTION' => 'keep-alive'
    'HTTP_HOST' => 'local.feehi.com:8080'
    'SCRIPT_FILENAME' => '/vagrant/www/feehi/frontend/web/index.php'
    'REDIRECT_STATUS' => '200'
    'SERVER_NAME' => 'local.feehi.com'
    'SERVER_PORT' => '80'
    'SERVER_ADDR' => '10.0.2.15'
    'REMOTE_PORT' => '51384'
    'REMOTE_ADDR' => '10.0.2.2'
    'SERVER_SOFTWARE' => 'nginx/1.20.0'
    'GATEWAY_INTERFACE' => 'CGI/1.1'
    'REQUEST_SCHEME' => 'http'
    'SERVER_PROTOCOL' => 'HTTP/1.1'
    'DOCUMENT_ROOT' => '/vagrant/www/feehi/frontend/web'
    'DOCUMENT_URI' => '/index.php'
    'REQUEST_URI' => '/uploads/setting/ad/5a291f9236479_22.jpg'
    'SCRIPT_NAME' => '/index.php'
    'CONTENT_LENGTH' => ''
    'CONTENT_TYPE' => ''
    'REQUEST_METHOD' => 'GET'
    'QUERY_STRING' => ''
    'FCGI_ROLE' => 'RESPONDER'
    'PHP_SELF' => '/index.php'
    'REQUEST_TIME_FLOAT' => 1621391661.3046
    'REQUEST_TIME' => 1621391661
]
2021-05-19 10:34:21 [10.0.2.2][-][esmo5ridtfhgidis8t1o694rf9][error][yii\web\HttpException:404] yii\web\NotFoundHttpException: 未找到分类uploads/setting/ad/5a292c0fda836_cms.jpg in /vagrant/www/feehi/frontend/controllers/ArticleController.php:78
Stack trace:
#0 [internal function]: frontend\controllers\ArticleController->actionIndex('uploads/setting...')
#1 /vagrant/www/feehi/vendor/yiisoft/yii2/base/InlineAction.php(57): call_user_func_array(Array, Array)
#2 /vagrant/www/feehi/vendor/yiisoft/yii2/base/Controller.php(157): yii\base\InlineAction->runWithParams(Array)
#3 /vagrant/www/feehi/vendor/yiisoft/yii2/base/Module.php(528): yii\base\Controller->runAction('index', Array)
#4 /vagrant/www/feehi/vendor/yiisoft/yii2/web/Application.php(103): yii\base\Module->runAction('', Array)
#5 /vagrant/www/feehi/vendor/yiisoft/yii2/base/Application.php(386): yii\web\Application->handleRequest(Object(yii\web\Request))
#6 /vagrant/www/feehi/frontend/web/index.php(17): yii\base\Application->run()
#7 {main}
2021-05-19 10:34:21 [10.0.2.2][-][esmo5ridtfhgidis8t1o694rf9][warning][yii\debug\Module::checkAccess] Access to debugger is denied due to IP address restriction. The requesting IP address is 10.0.2.2
    in /vagrant/www/feehi/frontend/views/layouts/main.php:155
    in /vagrant/www/feehi/frontend/controllers/SiteController.php:243
2021-05-19 10:34:21 [10.0.2.2][-][esmo5ridtfhgidis8t1o694rf9][warning][yii\debug\Module::checkAccess] Access to debugger is denied due to IP address restriction. The requesting IP address is 10.0.2.2
2021-05-19 10:34:21 [10.0.2.2][-][esmo5ridtfhgidis8t1o694rf9][info][application] $_GET = []

$_POST = []

$_FILES = []

$_COOKIE = [
    'PHPSESSID' => 'esmo5ridtfhgidis8t1o694rf9'
    '_csrf' => 'da4d92628e85bf96cf312b7d17125d15a728ee67013bc9fd2b5df4c6ed9fc56ba:2:{i:0;s:5:\"_csrf\";i:1;s:32:\"LkloJW5FSKh2aqX_NHU_zasX6cYU67ug\";}'
    'BACKEND_FEEHICMS' => 'h03lhq0vlgncfp6r68amcd48sh'
    '_csrf_backend' => '237bcda8726fc97063405e7d35870329ed8c06429e8a394cc5ba673c9cbd1dd0a:2:{i:0;s:13:\"_csrf_backend\";i:1;s:32:\"ReDNzvBwP0bfVtWlGcogcUWSI42R6Hya\";}'
    'Hm_lvt_5c8dd664b2122c4e33710bc08309c5e9' => '1621322952'
    'Hm_lpvt_5c8dd664b2122c4e33710bc08309c5e9' => '1621322963'
]

$_SESSION = [
    '__flash' => []
]

$_SERVER = [
    'USER' => 'apache'
    'HOME' => '/usr/share/httpd'
    'HTTP_COOKIE' => 'PHPSESSID=esmo5ridtfhgidis8t1o694rf9; _csrf=da4d92628e85bf96cf312b7d17125d15a728ee67013bc9fd2b5df4c6ed9fc56ba%3A2%3A%7Bi%3A0%3Bs%3A5%3A%22_csrf%22%3Bi%3A1%3Bs%3A32%3A%22LkloJW5FSKh2aqX_NHU_zasX6cYU67ug%22%3B%7D; BACKEND_FEEHICMS=h03lhq0vlgncfp6r68amcd48sh; _csrf_backend=237bcda8726fc97063405e7d35870329ed8c06429e8a394cc5ba673c9cbd1dd0a%3A2%3A%7Bi%3A0%3Bs%3A13%3A%22_csrf_backend%22%3Bi%3A1%3Bs%3A32%3A%22ReDNzvBwP0bfVtWlGcogcUWSI42R6Hya%22%3B%7D; Hm_lvt_5c8dd664b2122c4e33710bc08309c5e9=1621322952; Hm_lpvt_5c8dd664b2122c4e33710bc08309c5e9=1621322963'
    'HTTP_ACCEPT_LANGUAGE' => 'zh-CN,zh;q=0.9'
    'HTTP_ACCEPT_ENCODING' => 'gzip, deflate'
    'HTTP_REFERER' => 'http://local.feehi.com:8080/'
    'HTTP_ACCEPT' => 'image/avif,image/webp,image/apng,image/svg+xml,image/*,*/*;q=0.8'
    'HTTP_USER_AGENT' => 'Mozilla/5.0 (Windows NT 10.0; Win64; x64) AppleWebKit/537.36 (KHTML, like Gecko) Chrome/90.0.4430.212 Safari/537.36'
    'HTTP_CONNECTION' => 'keep-alive'
    'HTTP_HOST' => 'local.feehi.com:8080'
    'SCRIPT_FILENAME' => '/vagrant/www/feehi/frontend/web/index.php'
    'REDIRECT_STATUS' => '200'
    'SERVER_NAME' => 'local.feehi.com'
    'SERVER_PORT' => '80'
    'SERVER_ADDR' => '10.0.2.15'
    'REMOTE_PORT' => '51385'
    'REMOTE_ADDR' => '10.0.2.2'
    'SERVER_SOFTWARE' => 'nginx/1.20.0'
    'GATEWAY_INTERFACE' => 'CGI/1.1'
    'REQUEST_SCHEME' => 'http'
    'SERVER_PROTOCOL' => 'HTTP/1.1'
    'DOCUMENT_ROOT' => '/vagrant/www/feehi/frontend/web'
    'DOCUMENT_URI' => '/index.php'
    'REQUEST_URI' => '/uploads/setting/ad/5a292c0fda836_cms.jpg'
    'SCRIPT_NAME' => '/index.php'
    'CONTENT_LENGTH' => ''
    'CONTENT_TYPE' => ''
    'REQUEST_METHOD' => 'GET'
    'QUERY_STRING' => ''
    'FCGI_ROLE' => 'RESPONDER'
    'PHP_SELF' => '/index.php'
    'REQUEST_TIME_FLOAT' => 1621391661.3046
    'REQUEST_TIME' => 1621391661
]
2021-05-19 10:34:25 [10.0.2.2][-][-][warning][yii\debug\Module::checkAccess] Access to debugger is denied due to IP address restriction. The requesting IP address is 10.0.2.2
    in /vagrant/www/feehi/frontend/views/layouts/main.php:155
    in /vagrant/www/feehi/frontend/controllers/ArticleController.php:181
2021-05-19 10:34:25 [10.0.2.2][-][-][warning][yii\debug\Module::checkAccess] Access to debugger is denied due to IP address restriction. The requesting IP address is 10.0.2.2
2021-05-19 10:34:25 [10.0.2.2][-][-][info][application] $_GET = [
    'r' => 'article/view'
    'id' => '47'
]

$_POST = []

$_FILES = []

$_COOKIE = [
    'PHPSESSID' => 'esmo5ridtfhgidis8t1o694rf9'
    '_csrf' => 'da4d92628e85bf96cf312b7d17125d15a728ee67013bc9fd2b5df4c6ed9fc56ba:2:{i:0;s:5:\"_csrf\";i:1;s:32:\"LkloJW5FSKh2aqX_NHU_zasX6cYU67ug\";}'
    'BACKEND_FEEHICMS' => 'h03lhq0vlgncfp6r68amcd48sh'
    '_csrf_backend' => '237bcda8726fc97063405e7d35870329ed8c06429e8a394cc5ba673c9cbd1dd0a:2:{i:0;s:13:\"_csrf_backend\";i:1;s:32:\"ReDNzvBwP0bfVtWlGcogcUWSI42R6Hya\";}'
    'Hm_lvt_5c8dd664b2122c4e33710bc08309c5e9' => '1621322952'
    'Hm_lpvt_5c8dd664b2122c4e33710bc08309c5e9' => '1621322963'
]

$_SESSION = [
    '__flash' => []
]

$_SERVER = [
    'USER' => 'apache'
    'HOME' => '/usr/share/httpd'
    'HTTP_COOKIE' => 'PHPSESSID=esmo5ridtfhgidis8t1o694rf9; _csrf=da4d92628e85bf96cf312b7d17125d15a728ee67013bc9fd2b5df4c6ed9fc56ba%3A2%3A%7Bi%3A0%3Bs%3A5%3A%22_csrf%22%3Bi%3A1%3Bs%3A32%3A%22LkloJW5FSKh2aqX_NHU_zasX6cYU67ug%22%3B%7D; BACKEND_FEEHICMS=h03lhq0vlgncfp6r68amcd48sh; _csrf_backend=237bcda8726fc97063405e7d35870329ed8c06429e8a394cc5ba673c9cbd1dd0a%3A2%3A%7Bi%3A0%3Bs%3A13%3A%22_csrf_backend%22%3Bi%3A1%3Bs%3A32%3A%22ReDNzvBwP0bfVtWlGcogcUWSI42R6Hya%22%3B%7D; Hm_lvt_5c8dd664b2122c4e33710bc08309c5e9=1621322952; Hm_lpvt_5c8dd664b2122c4e33710bc08309c5e9=1621322963'
    'HTTP_ACCEPT_LANGUAGE' => 'zh-CN,zh;q=0.9'
    'HTTP_ACCEPT_ENCODING' => 'gzip, deflate'
    'HTTP_REFERER' => 'http://local.feehi.com:8080/'
    'HTTP_ACCEPT' => 'text/html,application/xhtml+xml,application/xml;q=0.9,image/avif,image/webp,image/apng,*/*;q=0.8,application/signed-exchange;v=b3;q=0.9'
    'HTTP_USER_AGENT' => 'Mozilla/5.0 (Windows NT 10.0; Win64; x64) AppleWebKit/537.36 (KHTML, like Gecko) Chrome/90.0.4430.212 Safari/537.36'
    'HTTP_UPGRADE_INSECURE_REQUESTS' => '1'
    'HTTP_CONNECTION' => 'keep-alive'
    'HTTP_HOST' => 'local.feehi.com:8080'
    'SCRIPT_FILENAME' => '/vagrant/www/feehi/frontend/web/index.php'
    'REDIRECT_STATUS' => '200'
    'SERVER_NAME' => 'local.feehi.com'
    'SERVER_PORT' => '80'
    'SERVER_ADDR' => '10.0.2.15'
    'REMOTE_PORT' => '51385'
    'REMOTE_ADDR' => '10.0.2.2'
    'SERVER_SOFTWARE' => 'nginx/1.20.0'
    'GATEWAY_INTERFACE' => 'CGI/1.1'
    'REQUEST_SCHEME' => 'http'
    'SERVER_PROTOCOL' => 'HTTP/1.1'
    'DOCUMENT_ROOT' => '/vagrant/www/feehi/frontend/web'
    'DOCUMENT_URI' => '/index.php'
    'REQUEST_URI' => '/index.php?r=article%2Fview&id=47'
    'SCRIPT_NAME' => '/index.php'
    'CONTENT_LENGTH' => ''
    'CONTENT_TYPE' => ''
    'REQUEST_METHOD' => 'GET'
    'QUERY_STRING' => 'r=article%2Fview&id=47'
    'FCGI_ROLE' => 'RESPONDER'
    'PHP_SELF' => '/index.php'
    'REQUEST_TIME_FLOAT' => 1621391665.1886
    'REQUEST_TIME' => 1621391665
]
2021-05-19 10:34:26 [10.0.2.2][-][esmo5ridtfhgidis8t1o694rf9][error][yii\web\HttpException:404] yii\web\NotFoundHttpException: 未找到分类uploads/setting/ad/5a292c0fda836_cms.jpg in /vagrant/www/feehi/frontend/controllers/ArticleController.php:78
Stack trace:
#0 [internal function]: frontend\controllers\ArticleController->actionIndex('uploads/setting...')
#1 /vagrant/www/feehi/vendor/yiisoft/yii2/base/InlineAction.php(57): call_user_func_array(Array, Array)
#2 /vagrant/www/feehi/vendor/yiisoft/yii2/base/Controller.php(157): yii\base\InlineAction->runWithParams(Array)
#3 /vagrant/www/feehi/vendor/yiisoft/yii2/base/Module.php(528): yii\base\Controller->runAction('index', Array)
#4 /vagrant/www/feehi/vendor/yiisoft/yii2/web/Application.php(103): yii\base\Module->runAction('', Array)
#5 /vagrant/www/feehi/vendor/yiisoft/yii2/base/Application.php(386): yii\web\Application->handleRequest(Object(yii\web\Request))
#6 /vagrant/www/feehi/frontend/web/index.php(17): yii\base\Application->run()
#7 {main}
2021-05-19 10:34:26 [10.0.2.2][-][esmo5ridtfhgidis8t1o694rf9][warning][yii\debug\Module::checkAccess] Access to debugger is denied due to IP address restriction. The requesting IP address is 10.0.2.2
    in /vagrant/www/feehi/frontend/views/layouts/main.php:155
    in /vagrant/www/feehi/frontend/controllers/SiteController.php:243
2021-05-19 10:34:26 [10.0.2.2][-][esmo5ridtfhgidis8t1o694rf9][warning][yii\debug\Module::checkAccess] Access to debugger is denied due to IP address restriction. The requesting IP address is 10.0.2.2
2021-05-19 10:34:25 [10.0.2.2][-][esmo5ridtfhgidis8t1o694rf9][info][application] $_GET = []

$_POST = []

$_FILES = []

$_COOKIE = [
    'PHPSESSID' => 'esmo5ridtfhgidis8t1o694rf9'
    '_csrf' => 'da4d92628e85bf96cf312b7d17125d15a728ee67013bc9fd2b5df4c6ed9fc56ba:2:{i:0;s:5:\"_csrf\";i:1;s:32:\"LkloJW5FSKh2aqX_NHU_zasX6cYU67ug\";}'
    'BACKEND_FEEHICMS' => 'h03lhq0vlgncfp6r68amcd48sh'
    '_csrf_backend' => '237bcda8726fc97063405e7d35870329ed8c06429e8a394cc5ba673c9cbd1dd0a:2:{i:0;s:13:\"_csrf_backend\";i:1;s:32:\"ReDNzvBwP0bfVtWlGcogcUWSI42R6Hya\";}'
    'Hm_lvt_5c8dd664b2122c4e33710bc08309c5e9' => '1621322952'
    'Hm_lpvt_5c8dd664b2122c4e33710bc08309c5e9' => '1621322963'
]

$_SESSION = [
    '__flash' => []
]

$_SERVER = [
    'USER' => 'apache'
    'HOME' => '/usr/share/httpd'
    'HTTP_COOKIE' => 'PHPSESSID=esmo5ridtfhgidis8t1o694rf9; _csrf=da4d92628e85bf96cf312b7d17125d15a728ee67013bc9fd2b5df4c6ed9fc56ba%3A2%3A%7Bi%3A0%3Bs%3A5%3A%22_csrf%22%3Bi%3A1%3Bs%3A32%3A%22LkloJW5FSKh2aqX_NHU_zasX6cYU67ug%22%3B%7D; BACKEND_FEEHICMS=h03lhq0vlgncfp6r68amcd48sh; _csrf_backend=237bcda8726fc97063405e7d35870329ed8c06429e8a394cc5ba673c9cbd1dd0a%3A2%3A%7Bi%3A0%3Bs%3A13%3A%22_csrf_backend%22%3Bi%3A1%3Bs%3A32%3A%22ReDNzvBwP0bfVtWlGcogcUWSI42R6Hya%22%3B%7D; Hm_lvt_5c8dd664b2122c4e33710bc08309c5e9=1621322952; Hm_lpvt_5c8dd664b2122c4e33710bc08309c5e9=1621322963'
    'HTTP_ACCEPT_LANGUAGE' => 'zh-CN,zh;q=0.9'
    'HTTP_ACCEPT_ENCODING' => 'gzip, deflate'
    'HTTP_REFERER' => 'http://local.feehi.com:8080/index.php?r=article%2Fview&id=47'
    'HTTP_ACCEPT' => 'image/avif,image/webp,image/apng,image/svg+xml,image/*,*/*;q=0.8'
    'HTTP_USER_AGENT' => 'Mozilla/5.0 (Windows NT 10.0; Win64; x64) AppleWebKit/537.36 (KHTML, like Gecko) Chrome/90.0.4430.212 Safari/537.36'
    'HTTP_CONNECTION' => 'keep-alive'
    'HTTP_HOST' => 'local.feehi.com:8080'
    'SCRIPT_FILENAME' => '/vagrant/www/feehi/frontend/web/index.php'
    'REDIRECT_STATUS' => '200'
    'SERVER_NAME' => 'local.feehi.com'
    'SERVER_PORT' => '80'
    'SERVER_ADDR' => '10.0.2.15'
    'REMOTE_PORT' => '51386'
    'REMOTE_ADDR' => '10.0.2.2'
    'SERVER_SOFTWARE' => 'nginx/1.20.0'
    'GATEWAY_INTERFACE' => 'CGI/1.1'
    'REQUEST_SCHEME' => 'http'
    'SERVER_PROTOCOL' => 'HTTP/1.1'
    'DOCUMENT_ROOT' => '/vagrant/www/feehi/frontend/web'
    'DOCUMENT_URI' => '/index.php'
    'REQUEST_URI' => '/uploads/setting/ad/5a292c0fda836_cms.jpg'
    'SCRIPT_NAME' => '/index.php'
    'CONTENT_LENGTH' => ''
    'CONTENT_TYPE' => ''
    'REQUEST_METHOD' => 'GET'
    'QUERY_STRING' => ''
    'FCGI_ROLE' => 'RESPONDER'
    'PHP_SELF' => '/index.php'
    'REQUEST_TIME_FLOAT' => 1621391665.9507
    'REQUEST_TIME' => 1621391665
]
2021-05-19 10:34:26 [10.0.2.2][-][esmo5ridtfhgidis8t1o694rf9][error][yii\web\HttpException:404] yii\web\NotFoundHttpException: 未找到分类uploads/setting/ad/5a291f9236479_22.jpg in /vagrant/www/feehi/frontend/controllers/ArticleController.php:78
Stack trace:
#0 [internal function]: frontend\controllers\ArticleController->actionIndex('uploads/setting...')
#1 /vagrant/www/feehi/vendor/yiisoft/yii2/base/InlineAction.php(57): call_user_func_array(Array, Array)
#2 /vagrant/www/feehi/vendor/yiisoft/yii2/base/Controller.php(157): yii\base\InlineAction->runWithParams(Array)
#3 /vagrant/www/feehi/vendor/yiisoft/yii2/base/Module.php(528): yii\base\Controller->runAction('index', Array)
#4 /vagrant/www/feehi/vendor/yiisoft/yii2/web/Application.php(103): yii\base\Module->runAction('', Array)
#5 /vagrant/www/feehi/vendor/yiisoft/yii2/base/Application.php(386): yii\web\Application->handleRequest(Object(yii\web\Request))
#6 /vagrant/www/feehi/frontend/web/index.php(17): yii\base\Application->run()
#7 {main}
2021-05-19 10:34:26 [10.0.2.2][-][esmo5ridtfhgidis8t1o694rf9][warning][yii\debug\Module::checkAccess] Access to debugger is denied due to IP address restriction. The requesting IP address is 10.0.2.2
    in /vagrant/www/feehi/frontend/views/layouts/main.php:155
    in /vagrant/www/feehi/frontend/controllers/SiteController.php:243
2021-05-19 10:34:26 [10.0.2.2][-][esmo5ridtfhgidis8t1o694rf9][warning][yii\debug\Module::checkAccess] Access to debugger is denied due to IP address restriction. The requesting IP address is 10.0.2.2
2021-05-19 10:34:26 [10.0.2.2][-][esmo5ridtfhgidis8t1o694rf9][info][application] $_GET = []

$_POST = []

$_FILES = []

$_COOKIE = [
    'PHPSESSID' => 'esmo5ridtfhgidis8t1o694rf9'
    '_csrf' => 'da4d92628e85bf96cf312b7d17125d15a728ee67013bc9fd2b5df4c6ed9fc56ba:2:{i:0;s:5:\"_csrf\";i:1;s:32:\"LkloJW5FSKh2aqX_NHU_zasX6cYU67ug\";}'
    'BACKEND_FEEHICMS' => 'h03lhq0vlgncfp6r68amcd48sh'
    '_csrf_backend' => '237bcda8726fc97063405e7d35870329ed8c06429e8a394cc5ba673c9cbd1dd0a:2:{i:0;s:13:\"_csrf_backend\";i:1;s:32:\"ReDNzvBwP0bfVtWlGcogcUWSI42R6Hya\";}'
    'Hm_lvt_5c8dd664b2122c4e33710bc08309c5e9' => '1621322952'
    'Hm_lpvt_5c8dd664b2122c4e33710bc08309c5e9' => '1621322963'
]

$_SESSION = [
    '__flash' => []
]

$_SERVER = [
    'USER' => 'apache'
    'HOME' => '/usr/share/httpd'
    'HTTP_COOKIE' => 'PHPSESSID=esmo5ridtfhgidis8t1o694rf9; _csrf=da4d92628e85bf96cf312b7d17125d15a728ee67013bc9fd2b5df4c6ed9fc56ba%3A2%3A%7Bi%3A0%3Bs%3A5%3A%22_csrf%22%3Bi%3A1%3Bs%3A32%3A%22LkloJW5FSKh2aqX_NHU_zasX6cYU67ug%22%3B%7D; BACKEND_FEEHICMS=h03lhq0vlgncfp6r68amcd48sh; _csrf_backend=237bcda8726fc97063405e7d35870329ed8c06429e8a394cc5ba673c9cbd1dd0a%3A2%3A%7Bi%3A0%3Bs%3A13%3A%22_csrf_backend%22%3Bi%3A1%3Bs%3A32%3A%22ReDNzvBwP0bfVtWlGcogcUWSI42R6Hya%22%3B%7D; Hm_lvt_5c8dd664b2122c4e33710bc08309c5e9=1621322952; Hm_lpvt_5c8dd664b2122c4e33710bc08309c5e9=1621322963'
    'HTTP_ACCEPT_LANGUAGE' => 'zh-CN,zh;q=0.9'
    'HTTP_ACCEPT_ENCODING' => 'gzip, deflate'
    'HTTP_REFERER' => 'http://local.feehi.com:8080/index.php?r=article%2Fview&id=47'
    'HTTP_ACCEPT' => 'image/avif,image/webp,image/apng,image/svg+xml,image/*,*/*;q=0.8'
    'HTTP_USER_AGENT' => 'Mozilla/5.0 (Windows NT 10.0; Win64; x64) AppleWebKit/537.36 (KHTML, like Gecko) Chrome/90.0.4430.212 Safari/537.36'
    'HTTP_CONNECTION' => 'keep-alive'
    'HTTP_HOST' => 'local.feehi.com:8080'
    'SCRIPT_FILENAME' => '/vagrant/www/feehi/frontend/web/index.php'
    'REDIRECT_STATUS' => '200'
    'SERVER_NAME' => 'local.feehi.com'
    'SERVER_PORT' => '80'
    'SERVER_ADDR' => '10.0.2.15'
    'REMOTE_PORT' => '51385'
    'REMOTE_ADDR' => '10.0.2.2'
    'SERVER_SOFTWARE' => 'nginx/1.20.0'
    'GATEWAY_INTERFACE' => 'CGI/1.1'
    'REQUEST_SCHEME' => 'http'
    'SERVER_PROTOCOL' => 'HTTP/1.1'
    'DOCUMENT_ROOT' => '/vagrant/www/feehi/frontend/web'
    'DOCUMENT_URI' => '/index.php'
    'REQUEST_URI' => '/uploads/setting/ad/5a291f9236479_22.jpg'
    'SCRIPT_NAME' => '/index.php'
    'CONTENT_LENGTH' => ''
    'CONTENT_TYPE' => ''
    'REQUEST_METHOD' => 'GET'
    'QUERY_STRING' => ''
    'FCGI_ROLE' => 'RESPONDER'
    'PHP_SELF' => '/index.php'
    'REQUEST_TIME_FLOAT' => 1621391666.0001
    'REQUEST_TIME' => 1621391666
]
2021-05-19 10:34:26 [10.0.2.2][-][-][warning][yii\debug\Module::checkAccess] Access to debugger is denied due to IP address restriction. The requesting IP address is 10.0.2.2
2021-05-19 10:34:26 [10.0.2.2][-][-][info][application] $_GET = [
    'r' => 'article/view-ajax'
    'id' => '47'
]

$_POST = []

$_FILES = []

$_COOKIE = [
    'PHPSESSID' => 'esmo5ridtfhgidis8t1o694rf9'
    '_csrf' => 'da4d92628e85bf96cf312b7d17125d15a728ee67013bc9fd2b5df4c6ed9fc56ba:2:{i:0;s:5:\"_csrf\";i:1;s:32:\"LkloJW5FSKh2aqX_NHU_zasX6cYU67ug\";}'
    'BACKEND_FEEHICMS' => 'h03lhq0vlgncfp6r68amcd48sh'
    '_csrf_backend' => '237bcda8726fc97063405e7d35870329ed8c06429e8a394cc5ba673c9cbd1dd0a:2:{i:0;s:13:\"_csrf_backend\";i:1;s:32:\"ReDNzvBwP0bfVtWlGcogcUWSI42R6Hya\";}'
    'Hm_lvt_5c8dd664b2122c4e33710bc08309c5e9' => '1621322952'
    'Hm_lpvt_5c8dd664b2122c4e33710bc08309c5e9' => '1621322963'
]

$_SESSION = [
    '__flash' => []
]

$_SERVER = [
    'USER' => 'apache'
    'HOME' => '/usr/share/httpd'
    'HTTP_COOKIE' => 'PHPSESSID=esmo5ridtfhgidis8t1o694rf9; _csrf=da4d92628e85bf96cf312b7d17125d15a728ee67013bc9fd2b5df4c6ed9fc56ba%3A2%3A%7Bi%3A0%3Bs%3A5%3A%22_csrf%22%3Bi%3A1%3Bs%3A32%3A%22LkloJW5FSKh2aqX_NHU_zasX6cYU67ug%22%3B%7D; BACKEND_FEEHICMS=h03lhq0vlgncfp6r68amcd48sh; _csrf_backend=237bcda8726fc97063405e7d35870329ed8c06429e8a394cc5ba673c9cbd1dd0a%3A2%3A%7Bi%3A0%3Bs%3A13%3A%22_csrf_backend%22%3Bi%3A1%3Bs%3A32%3A%22ReDNzvBwP0bfVtWlGcogcUWSI42R6Hya%22%3B%7D; Hm_lvt_5c8dd664b2122c4e33710bc08309c5e9=1621322952; Hm_lpvt_5c8dd664b2122c4e33710bc08309c5e9=1621322963'
    'HTTP_ACCEPT_LANGUAGE' => 'zh-CN,zh;q=0.9'
    'HTTP_ACCEPT_ENCODING' => 'gzip, deflate'
    'HTTP_REFERER' => 'http://local.feehi.com:8080/index.php?r=article%2Fview&id=47'
    'HTTP_X_REQUESTED_WITH' => 'XMLHttpRequest'
    'HTTP_USER_AGENT' => 'Mozilla/5.0 (Windows NT 10.0; Win64; x64) AppleWebKit/537.36 (KHTML, like Gecko) Chrome/90.0.4430.212 Safari/537.36'
    'HTTP_X_CSRF_TOKEN' => 'SuBSR_Y9RRtr-DrDOE5ZNLUSZxEttXvPwQHAd8xE-W0Giz4ovGpwXTizUvFZPwFr-1oyTlfUCJf3Ypki-nOMCg=='
    'HTTP_ACCEPT' => '*/*'
    'HTTP_CONNECTION' => 'keep-alive'
    'HTTP_HOST' => 'local.feehi.com:8080'
    'SCRIPT_FILENAME' => '/vagrant/www/feehi/frontend/web/index.php'
    'REDIRECT_STATUS' => '200'
    'SERVER_NAME' => 'local.feehi.com'
    'SERVER_PORT' => '80'
    'SERVER_ADDR' => '10.0.2.15'
    'REMOTE_PORT' => '51384'
    'REMOTE_ADDR' => '10.0.2.2'
    'SERVER_SOFTWARE' => 'nginx/1.20.0'
    'GATEWAY_INTERFACE' => 'CGI/1.1'
    'REQUEST_SCHEME' => 'http'
    'SERVER_PROTOCOL' => 'HTTP/1.1'
    'DOCUMENT_ROOT' => '/vagrant/www/feehi/frontend/web'
    'DOCUMENT_URI' => '/index.php'
    'REQUEST_URI' => '/index.php?r=article%2Fview-ajax&id=47'
    'SCRIPT_NAME' => '/index.php'
    'CONTENT_LENGTH' => ''
    'CONTENT_TYPE' => ''
    'REQUEST_METHOD' => 'GET'
    'QUERY_STRING' => 'r=article%2Fview-ajax&id=47'
    'FCGI_ROLE' => 'RESPONDER'
    'PHP_SELF' => '/index.php'
    'REQUEST_TIME_FLOAT' => 1621391666.0772
    'REQUEST_TIME' => 1621391666
]
2021-05-19 10:34:33 [10.0.2.2][-][esmo5ridtfhgidis8t1o694rf9][error][yii\web\HttpException:404] yii\web\NotFoundHttpException: 未找到分类uploads/setting/ad/5a292c0fda836_cms.jpg in /vagrant/www/feehi/frontend/controllers/ArticleController.php:78
Stack trace:
#0 [internal function]: frontend\controllers\ArticleController->actionIndex('uploads/setting...')
#1 /vagrant/www/feehi/vendor/yiisoft/yii2/base/InlineAction.php(57): call_user_func_array(Array, Array)
#2 /vagrant/www/feehi/vendor/yiisoft/yii2/base/Controller.php(157): yii\base\InlineAction->runWithParams(Array)
#3 /vagrant/www/feehi/vendor/yiisoft/yii2/base/Module.php(528): yii\base\Controller->runAction('index', Array)
#4 /vagrant/www/feehi/vendor/yiisoft/yii2/web/Application.php(103): yii\base\Module->runAction('', Array)
#5 /vagrant/www/feehi/vendor/yiisoft/yii2/base/Application.php(386): yii\web\Application->handleRequest(Object(yii\web\Request))
#6 /vagrant/www/feehi/frontend/web/index.php(17): yii\base\Application->run()
#7 {main}
2021-05-19 10:34:33 [10.0.2.2][-][esmo5ridtfhgidis8t1o694rf9][warning][yii\debug\Module::checkAccess] Access to debugger is denied due to IP address restriction. The requesting IP address is 10.0.2.2
    in /vagrant/www/feehi/frontend/views/layouts/main.php:155
    in /vagrant/www/feehi/frontend/controllers/SiteController.php:243
2021-05-19 10:34:33 [10.0.2.2][-][esmo5ridtfhgidis8t1o694rf9][warning][yii\debug\Module::checkAccess] Access to debugger is denied due to IP address restriction. The requesting IP address is 10.0.2.2
2021-05-19 10:34:32 [10.0.2.2][-][esmo5ridtfhgidis8t1o694rf9][info][application] $_GET = []

$_POST = []

$_FILES = []

$_COOKIE = [
    'PHPSESSID' => 'esmo5ridtfhgidis8t1o694rf9'
    '_csrf' => 'da4d92628e85bf96cf312b7d17125d15a728ee67013bc9fd2b5df4c6ed9fc56ba:2:{i:0;s:5:\"_csrf\";i:1;s:32:\"LkloJW5FSKh2aqX_NHU_zasX6cYU67ug\";}'
    'BACKEND_FEEHICMS' => 'h03lhq0vlgncfp6r68amcd48sh'
    '_csrf_backend' => '237bcda8726fc97063405e7d35870329ed8c06429e8a394cc5ba673c9cbd1dd0a:2:{i:0;s:13:\"_csrf_backend\";i:1;s:32:\"ReDNzvBwP0bfVtWlGcogcUWSI42R6Hya\";}'
    'Hm_lvt_5c8dd664b2122c4e33710bc08309c5e9' => '1621322952'
    'Hm_lpvt_5c8dd664b2122c4e33710bc08309c5e9' => '1621322963'
]

$_SESSION = [
    '__flash' => []
]

$_SERVER = [
    'USER' => 'apache'
    'HOME' => '/usr/share/httpd'
    'HTTP_COOKIE' => 'PHPSESSID=esmo5ridtfhgidis8t1o694rf9; _csrf=da4d92628e85bf96cf312b7d17125d15a728ee67013bc9fd2b5df4c6ed9fc56ba%3A2%3A%7Bi%3A0%3Bs%3A5%3A%22_csrf%22%3Bi%3A1%3Bs%3A32%3A%22LkloJW5FSKh2aqX_NHU_zasX6cYU67ug%22%3B%7D; BACKEND_FEEHICMS=h03lhq0vlgncfp6r68amcd48sh; _csrf_backend=237bcda8726fc97063405e7d35870329ed8c06429e8a394cc5ba673c9cbd1dd0a%3A2%3A%7Bi%3A0%3Bs%3A13%3A%22_csrf_backend%22%3Bi%3A1%3Bs%3A32%3A%22ReDNzvBwP0bfVtWlGcogcUWSI42R6Hya%22%3B%7D; Hm_lvt_5c8dd664b2122c4e33710bc08309c5e9=1621322952; Hm_lpvt_5c8dd664b2122c4e33710bc08309c5e9=1621322963'
    'HTTP_ACCEPT_LANGUAGE' => 'zh-CN,zh;q=0.9'
    'HTTP_ACCEPT_ENCODING' => 'gzip, deflate'
    'HTTP_REFERER' => 'http://local.feehi.com:8080/'
    'HTTP_ACCEPT' => 'image/avif,image/webp,image/apng,image/svg+xml,image/*,*/*;q=0.8'
    'HTTP_USER_AGENT' => 'Mozilla/5.0 (Windows NT 10.0; Win64; x64) AppleWebKit/537.36 (KHTML, like Gecko) Chrome/90.0.4430.212 Safari/537.36'
    'HTTP_CONNECTION' => 'keep-alive'
    'HTTP_HOST' => 'local.feehi.com:8080'
    'SCRIPT_FILENAME' => '/vagrant/www/feehi/frontend/web/index.php'
    'REDIRECT_STATUS' => '200'
    'SERVER_NAME' => 'local.feehi.com'
    'SERVER_PORT' => '80'
    'SERVER_ADDR' => '10.0.2.15'
    'REMOTE_PORT' => '51384'
    'REMOTE_ADDR' => '10.0.2.2'
    'SERVER_SOFTWARE' => 'nginx/1.20.0'
    'GATEWAY_INTERFACE' => 'CGI/1.1'
    'REQUEST_SCHEME' => 'http'
    'SERVER_PROTOCOL' => 'HTTP/1.1'
    'DOCUMENT_ROOT' => '/vagrant/www/feehi/frontend/web'
    'DOCUMENT_URI' => '/index.php'
    'REQUEST_URI' => '/uploads/setting/ad/5a292c0fda836_cms.jpg'
    'SCRIPT_NAME' => '/index.php'
    'CONTENT_LENGTH' => ''
    'CONTENT_TYPE' => ''
    'REQUEST_METHOD' => 'GET'
    'QUERY_STRING' => ''
    'FCGI_ROLE' => 'RESPONDER'
    'PHP_SELF' => '/index.php'
    'REQUEST_TIME_FLOAT' => 1621391672.9166
    'REQUEST_TIME' => 1621391672
]
